
2025-01-10 21:07:33,776 - INFO - Логирование настроено.
2025-01-10 21:15:28,093 - INFO - Логирование настроено.
2025-01-10 21:21:58,432 - INFO - Логирование настроено.
2025-01-10 21:25:01,547 - INFO - Логирование настроено.
2025-01-10 21:40:29,247 - INFO - Логирование настроено.
2025-01-10 21:40:29,247 - INFO - Запуск главного меню.
2025-01-10 21:41:37,401 - INFO - Создана новая запись для пользователя Linda.
2025-01-10 21:41:37,401 - INFO - Пользователь Linda инициализирован.
2025-01-10 21:41:37,401 - INFO - Пользователь Linda выбран.
2025-01-10 21:45:25,542 - INFO - Логирование настроено.
2025-01-10 21:45:25,542 - INFO - Запуск главного меню.
2025-01-10 21:45:35,992 - INFO - Пользователь Linda инициализирован.
2025-01-10 21:45:35,992 - INFO - Пользователь Linda выбран.
2025-01-10 21:45:43,841 - INFO - Викторина для пользователя Linda начата (язык: en-ru).
2025-01-10 21:45:50,374 - INFO - Викторина завершена для пользователя Linda: 0/3.
2025-01-10 21:45:50,375 - INFO - Данные пользователя Linda сохранены.
2025-01-10 21:45:50,375 - INFO - Добавлен результат викторины для Linda: 0/3 (en-ru).
2025-01-10 21:45:57,127 - INFO - Детализированные результаты для Linda выведены.
2025-01-10 21:46:09,116 - INFO - Возврат в главное меню.
2025-01-10 21:46:13,941 - INFO - Запрос всех пользователей: данные выведены успешно.
2025-01-10 21:46:22,790 - INFO - Программа завершена.
